\BOOKMARK [0][-]{chapter*.2}{\376\377\000B\000e\000v\000e\000z\000e\000t\000\351\000s}{}% 1
\BOOKMARK [0][-]{chapter.1}{\376\377\0001\000.\000\040\000T\000e\000c\000h\000n\000o\000l\000\363\000g\000i\000a\000i\000\040\000B\000e\000v\000e\000z\000e\000t\000\351\000s}{}% 2
\BOOKMARK [1][-]{section.1.1}{\376\377\0001\000.\0001\000.\000\040\000G\000o\000d\000o\000t\000\040\000b\000e\000m\000u\000t\000a\000t\000\341\000s\000a}{chapter.1}% 3
\BOOKMARK [2][-]{subsection.1.1.1}{\376\377\0001\000.\0001\000.\0001\000.\000\040\000F\001\121\000b\000b\000\040\000j\000e\000l\000l\000e\000m\000z\001\121\000k}{section.1.1}% 4
\BOOKMARK [2][-]{subsection.1.1.2}{\376\377\0001\000.\0001\000.\0002\000.\000\040\000U\000n\000i\000t\000y\000\040\000k\000e\000r\000e\000t\000r\000e\000n\000d\000s\000z\000e\000r\000h\000e\000z\000\040\000k\000\351\000p\000e\000s\000t}{section.1.1}% 5
\BOOKMARK [1][-]{section.1.2}{\376\377\0001\000.\0002\000.\000\040\000U\000n\000r\000e\000a\000l\000\040\000b\000e\000m\000u\000t\000a\000t\000\341\000s\000a}{chapter.1}% 6
\BOOKMARK [2][-]{subsection.1.2.1}{\376\377\0001\000.\0002\000.\0001\000.\000\040\000F\001\121\000b\000b\000\040\000j\000e\000l\000l\000e\000m\000z\001\121\000k}{section.1.2}% 7
\BOOKMARK [2][-]{subsection.1.2.2}{\376\377\0001\000.\0002\000.\0002\000.\000\040\000U\000n\000i\000t\000y\000\040\000k\000e\000r\000e\000t\000r\000e\000n\000d\000s\000z\000e\000r\000h\000e\000z\000\040\000k\000\351\000p\000e\000s\000t}{section.1.2}% 8
\BOOKMARK [1][-]{section.1.3}{\376\377\0001\000.\0003\000.\000\040\000U\000n\000i\000t\000y\000\040\000b\000e\000m\000u\000t\000a\000t\000\341\000s\000a}{chapter.1}% 9
\BOOKMARK [2][-]{subsection.1.3.1}{\376\377\0001\000.\0003\000.\0001\000.\000\040\000F\001\121\000b\000b\000\040\000j\000e\000l\000l\000e\000m\000z\001\121\000k}{section.1.3}% 10
\BOOKMARK [2][-]{subsection.1.3.2}{\376\377\0001\000.\0003\000.\0002\000.\000\040\000M\000i\000\351\000r\000t\000\040\000a\000\040\000U\000n\000i\000t\000y\000-\000t\000\040\000v\000\341\000l\000a\000s\000z\000t\000o\000t\000t\000a\000m}{section.1.3}% 11
\BOOKMARK [2][-]{subsection.1.3.3}{\376\377\0001\000.\0003\000.\0003\000.\000\040\000H\000a\000s\000z\000n\000\341\000l\000t\000\040\000U\000n\000i\000t\000y\000\040\000k\000o\000m\000p\000o\000n\000e\000n\000s\000e\000k\000\040\000b\000e\000m\000u\000t\000a\000t\000\341\000s\000a}{section.1.3}% 12
\BOOKMARK [0][-]{chapter.2}{\376\377\0002\000.\000\040\000R\000e\000n\000d\000s\000z\000e\000r\000t\000e\000r\000v}{}% 13
\BOOKMARK [0][-]{chapter.3}{\376\377\0003\000.\000\040\000S\000a\000j\000\341\000t\000\040\000p\000r\000o\000j\000e\000k\000t\000\040\000f\000e\000j\000l\000e\000s\000z\000t\000\351\000s\000e}{}% 14
\BOOKMARK [0][-]{chapter.4}{\376\377\0004\000.\000\040\000T\000e\000s\000z\000t\000e\000l\000\351\000s}{}% 15
\BOOKMARK [0][-]{chapter.5}{\376\377\0005\000.\000\040\000\326\000s\000s\000z\000e\000g\000z\000\351\000s}{}% 16
\BOOKMARK [1][-]{section.5.1}{\376\377\0005\000.\0001\000.\000\040\000A\000z\000\040\000e\000r\000e\000d\000e\000t\000i\000\040\000t\000e\000r\000v\000b\001\121\000l\000\040\000m\000i\000\040\000v\000a\000l\000\363\000s\000u\000l\000t\000\040\000m\000e\000g}{chapter.5}% 17
\BOOKMARK [1][-]{section.5.2}{\376\377\0005\000.\0002\000.\000\040\000J\000\366\000v\001\121\000\040\000b\000\351\000l\000i\000\040\000f\000e\000j\000l\000e\000s\000z\000t\000\351\000s\000i\000\040\000l\000e\000h\000e\000t\001\121\000s\000\351\000g\000e\000k}{chapter.5}% 18
\BOOKMARK [1][-]{section.5.3}{\376\377\0005\000.\0003\000.\000\040\000M\000i\000t\000\040\000c\000s\000i\000n\000\341\000l\000n\000\351\000k\000\040\000m\000\341\000s\000h\000o\000g\000y\000?}{chapter.5}% 19
\BOOKMARK [0][-]{chapter.6}{\376\377\0006\000.\000\040\000\301\000b\000r\000\341\000k\000\040\000j\000e\000g\000y\000z\000\351\000k\000e}{}% 20
\BOOKMARK [0][-]{chapter*.3}{\376\377\000I\000r\000o\000d\000a\000l\000o\000m\000j\000e\000g\000y\000z\000\351\000k}{}% 21
\BOOKMARK [0][-]{chapter.7}{\376\377\0007\000.\000\040\000F\000e\000j\000e\000z\000e\000t\000\040\000c\000\355\000m\000e}{}% 22
\BOOKMARK [1][-]{section.7.1}{\376\377\0007\000.\0001\000.\000\040\000S\000z\000a\000k\000a\000s\000z\000\040\000c\000\355\000m\000e}{chapter.7}% 23
\BOOKMARK [2][-]{subsection.7.1.1}{\376\377\0007\000.\0001\000.\0001\000.\000\040\000A\000l\000s\000z\000a\000k\000a\000s\000z\000\040\000c\000\355\000m\000e}{section.7.1}% 24
\BOOKMARK [0][-]{chapter*.4}{\376\377\000\326\000s\000s\000z\000e\000g\000z\000\351\000s}{}% 25
\BOOKMARK [0][-]{chapter*.5}{\376\377\000I\000r\000o\000d\000a\000l\000o\000m\000j\000e\000g\000y\000z\000\351\000k}{}% 26
