This is pdfTeX, Version 3.141592653-2.6-1.40.27 (TeX Live 2025) (preloaded format=pdflatex 2025.3.16)  20 APR 2025 08:38
entering extended mode
 restricted \write18 enabled.
 %&-line parsing enabled.
**thesis-ekf-template-mat-inf.tex
(./thesis-ekf-template-mat-inf.tex
LaTeX2e <2024-11-01> patch level 2
L3 programming layer <2025-01-18>
(c:/texlive/2025/texmf-dist/tex/latex/thesis-ekf/thesis-ekf.cls
Document Class: thesis-ekf 2024/04/18 v4.5 Thesis class for Eszterhazy Karoly C
atholic University (Eger, Hungary)
(c:/texlive/2025/texmf-dist/tex/latex/kvoptions/kvoptions.sty
Package: kvoptions 2022-06-15 v3.15 Key value format for package options (HO)

(c:/texlive/2025/texmf-dist/tex/latex/graphics/keyval.sty
Package: keyval 2022/05/29 v1.15 key=value parser (DPC)
\KV@toks@=\toks17
)
(c:/texlive/2025/texmf-dist/tex/generic/ltxcmds/ltxcmds.sty
Package: ltxcmds 2023-12-04 v1.26 LaTeX kernel commands for general use (HO)
)
(c:/texlive/2025/texmf-dist/tex/latex/kvsetkeys/kvsetkeys.sty
Package: kvsetkeys 2022-10-05 v1.19 Key value parser (HO)
))
(c:/texlive/2025/texmf-dist/tex/latex/base/report.cls
Document Class: report 2024/06/29 v1.4n Standard LaTeX document class
(c:/texlive/2025/texmf-dist/tex/latex/base/size12.clo
File: size12.clo 2024/06/29 v1.4n Standard LaTeX file (size option)
)
\c@part=\count196
\c@chapter=\count197
\c@section=\count198
\c@subsection=\count199
\c@subsubsection=\count266
\c@paragraph=\count267
\c@subparagraph=\count268
\c@figure=\count269
\c@table=\count270
\abovecaptionskip=\skip49
\belowcaptionskip=\skip50
\bibindent=\dimen141
)
(c:/texlive/2025/texmf-dist/tex/latex/setspace/setspace.sty
Package: setspace 2022/12/04 v6.7b set line spacing
)
(c:/texlive/2025/texmf-dist/tex/latex/hyperref/hyperref.sty
Package: hyperref 2024-11-05 v7.01l Hypertext links for LaTeX

(c:/texlive/2025/texmf-dist/tex/generic/iftex/iftex.sty
Package: iftex 2024/12/12 v1.0g TeX engine tests
)
(c:/texlive/2025/texmf-dist/tex/generic/kvdefinekeys/kvdefinekeys.sty
Package: kvdefinekeys 2019-12-19 v1.6 Define keys (HO)
)
(c:/texlive/2025/texmf-dist/tex/generic/pdfescape/pdfescape.sty
Package: pdfescape 2019/12/09 v1.15 Implements pdfTeX's escape features (HO)

(c:/texlive/2025/texmf-dist/tex/generic/pdftexcmds/pdftexcmds.sty
Package: pdftexcmds 2020-06-27 v0.33 Utility functions of pdfTeX for LuaTeX (HO
)

(c:/texlive/2025/texmf-dist/tex/generic/infwarerr/infwarerr.sty
Package: infwarerr 2019/12/03 v1.5 Providing info/warning/error messages (HO)
)
Package pdftexcmds Info: \pdf@primitive is available.
Package pdftexcmds Info: \pdf@ifprimitive is available.
Package pdftexcmds Info: \pdfdraftmode found.
))
(c:/texlive/2025/texmf-dist/tex/latex/hycolor/hycolor.sty
Package: hycolor 2020-01-27 v1.10 Color options for hyperref/bookmark (HO)
)
(c:/texlive/2025/texmf-dist/tex/latex/hyperref/nameref.sty
Package: nameref 2023-11-26 v2.56 Cross-referencing by name of section

(c:/texlive/2025/texmf-dist/tex/latex/refcount/refcount.sty
Package: refcount 2019/12/15 v3.6 Data extraction from label references (HO)
)
(c:/texlive/2025/texmf-dist/tex/generic/gettitlestring/gettitlestring.sty
Package: gettitlestring 2019/12/15 v1.6 Cleanup title references (HO)
)
\c@section@level=\count271
)
(c:/texlive/2025/texmf-dist/tex/latex/etoolbox/etoolbox.sty
Package: etoolbox 2025/02/11 v2.5l e-TeX tools for LaTeX (JAW)
\etb@tempcnta=\count272
)
(c:/texlive/2025/texmf-dist/tex/generic/stringenc/stringenc.sty
Package: stringenc 2019/11/29 v1.12 Convert strings between diff. encodings (HO
)
)
\@linkdim=\dimen142
\Hy@linkcounter=\count273
\Hy@pagecounter=\count274

(c:/texlive/2025/texmf-dist/tex/latex/hyperref/pd1enc.def
File: pd1enc.def 2024-11-05 v7.01l Hyperref: PDFDocEncoding definition (HO)
Now handling font encoding PD1 ...
... no UTF-8 mapping file for font encoding PD1
)
(c:/texlive/2025/texmf-dist/tex/generic/intcalc/intcalc.sty
Package: intcalc 2019/12/15 v1.3 Expandable calculations with integers (HO)
)
\Hy@SavedSpaceFactor=\count275

(c:/texlive/2025/texmf-dist/tex/latex/hyperref/puenc.def
File: puenc.def 2024-11-05 v7.01l Hyperref: PDF Unicode definition (HO)
Now handling font encoding PU ...
... no UTF-8 mapping file for font encoding PU
)
Package hyperref Info: Option `linktocpage' set `true' on input line 4040.
Package hyperref Info: Option `bookmarksnumbered' set `true' on input line 4040
.
Package hyperref Info: Hyper figures OFF on input line 4157.
Package hyperref Info: Link nesting OFF on input line 4162.
Package hyperref Info: Hyper index ON on input line 4165.
Package hyperref Info: Plain pages OFF on input line 4172.
Package hyperref Info: Backreferencing OFF on input line 4177.
Package hyperref Info: Implicit mode ON; LaTeX internals redefined.
Package hyperref Info: Bookmarks ON on input line 4424.
\c@Hy@tempcnt=\count276

(c:/texlive/2025/texmf-dist/tex/latex/url/url.sty
\Urlmuskip=\muskip17
Package: url 2013/09/16  ver 3.4  Verb mode for urls, etc.
)
LaTeX Info: Redefining \url on input line 4763.
\XeTeXLinkMargin=\dimen143

(c:/texlive/2025/texmf-dist/tex/generic/bitset/bitset.sty
Package: bitset 2019/12/09 v1.3 Handle bit-vector datatype (HO)

(c:/texlive/2025/texmf-dist/tex/generic/bigintcalc/bigintcalc.sty
Package: bigintcalc 2019/12/15 v1.5 Expandable calculations on big integers (HO
)
))
\Fld@menulength=\count277
\Field@Width=\dimen144
\Fld@charsize=\dimen145
Package hyperref Info: Hyper figures OFF on input line 6042.
Package hyperref Info: Link nesting OFF on input line 6047.
Package hyperref Info: Hyper index ON on input line 6050.
Package hyperref Info: backreferencing OFF on input line 6057.
Package hyperref Info: Link coloring OFF on input line 6062.
Package hyperref Info: Link coloring with OCG OFF on input line 6067.
Package hyperref Info: PDF/A mode OFF on input line 6072.

(c:/texlive/2025/texmf-dist/tex/latex/base/atbegshi-ltx.sty
Package: atbegshi-ltx 2021/01/10 v1.0c Emulation of the original atbegshi
package with kernel methods
)
\Hy@abspage=\count278
\c@Item=\count279
\c@Hfootnote=\count280
)
Package hyperref Info: Driver (autodetected): hpdftex.

(c:/texlive/2025/texmf-dist/tex/latex/hyperref/hpdftex.def
File: hpdftex.def 2024-11-05 v7.01l Hyperref driver for pdfTeX

(c:/texlive/2025/texmf-dist/tex/latex/base/atveryend-ltx.sty
Package: atveryend-ltx 2020/08/19 v1.0a Emulation of the original atveryend pac
kage
with kernel methods
)
\Fld@listcount=\count281
\c@bookmark@seq@number=\count282

(c:/texlive/2025/texmf-dist/tex/latex/rerunfilecheck/rerunfilecheck.sty
Package: rerunfilecheck 2022-07-10 v1.10 Rerun checks for auxiliary files (HO)

(c:/texlive/2025/texmf-dist/tex/generic/uniquecounter/uniquecounter.sty
Package: uniquecounter 2019/12/15 v1.4 Provide unlimited unique counter (HO)
)
Package uniquecounter Info: New unique counter `rerunfilecheck' on input line 2
85.
)
\Hy@SectionHShift=\skip51
)
(c:/texlive/2025/texmf-dist/tex/latex/geometry/geometry.sty
Package: geometry 2020/01/02 v5.9 Page Geometry

(c:/texlive/2025/texmf-dist/tex/generic/iftex/ifvtex.sty
Package: ifvtex 2019/10/25 v1.7 ifvtex legacy package. Use iftex instead.
)
\Gm@cnth=\count283
\Gm@cntv=\count284
\c@Gm@tempcnt=\count285
\Gm@bindingoffset=\dimen146
\Gm@wd@mp=\dimen147
\Gm@odd@mp=\dimen148
\Gm@even@mp=\dimen149
\Gm@layoutwidth=\dimen150
\Gm@layoutheight=\dimen151
\Gm@layouthoffset=\dimen152
\Gm@layoutvoffset=\dimen153
\Gm@dimlist=\toks18
)
(c:/texlive/2025/texmf-dist/tex/latex/lm/lmodern.sty
Package: lmodern 2015/05/01 v1.6.1 Latin Modern Fonts
LaTeX Font Info:    Overwriting symbol font `operators' in version `normal'
(Font)                  OT1/cmr/m/n --> OT1/lmr/m/n on input line 22.
LaTeX Font Info:    Overwriting symbol font `letters' in version `normal'
(Font)                  OML/cmm/m/it --> OML/lmm/m/it on input line 23.
LaTeX Font Info:    Overwriting symbol font `symbols' in version `normal'
(Font)                  OMS/cmsy/m/n --> OMS/lmsy/m/n on input line 24.
LaTeX Font Info:    Overwriting symbol font `largesymbols' in version `normal'
(Font)                  OMX/cmex/m/n --> OMX/lmex/m/n on input line 25.
LaTeX Font Info:    Overwriting symbol font `operators' in version `bold'
(Font)                  OT1/cmr/bx/n --> OT1/lmr/bx/n on input line 26.
LaTeX Font Info:    Overwriting symbol font `letters' in version `bold'
(Font)                  OML/cmm/b/it --> OML/lmm/b/it on input line 27.
LaTeX Font Info:    Overwriting symbol font `symbols' in version `bold'
(Font)                  OMS/cmsy/b/n --> OMS/lmsy/b/n on input line 28.
LaTeX Font Info:    Overwriting symbol font `largesymbols' in version `bold'
(Font)                  OMX/cmex/m/n --> OMX/lmex/m/n on input line 29.
LaTeX Font Info:    Overwriting math alphabet `\mathbf' in version `normal'
(Font)                  OT1/cmr/bx/n --> OT1/lmr/bx/n on input line 31.
LaTeX Font Info:    Overwriting math alphabet `\mathsf' in version `normal'
(Font)                  OT1/cmss/m/n --> OT1/lmss/m/n on input line 32.
LaTeX Font Info:    Overwriting math alphabet `\mathit' in version `normal'
(Font)                  OT1/cmr/m/it --> OT1/lmr/m/it on input line 33.
LaTeX Font Info:    Overwriting math alphabet `\mathtt' in version `normal'
(Font)                  OT1/cmtt/m/n --> OT1/lmtt/m/n on input line 34.
LaTeX Font Info:    Overwriting math alphabet `\mathbf' in version `bold'
(Font)                  OT1/cmr/bx/n --> OT1/lmr/bx/n on input line 35.
LaTeX Font Info:    Overwriting math alphabet `\mathsf' in version `bold'
(Font)                  OT1/cmss/bx/n --> OT1/lmss/bx/n on input line 36.
LaTeX Font Info:    Overwriting math alphabet `\mathit' in version `bold'
(Font)                  OT1/cmr/bx/it --> OT1/lmr/bx/it on input line 37.
LaTeX Font Info:    Overwriting math alphabet `\mathtt' in version `bold'
(Font)                  OT1/cmtt/m/n --> OT1/lmtt/m/n on input line 38.
)
(c:/texlive/2025/texmf-dist/tex/latex/fixcmex/fixcmex.sty
Package: fixcmex 2019/08/05 v1.1 Scalable math extensions font (Enrico Gregorio
)
)
(c:/texlive/2025/texmf-dist/tex/latex/graphics/graphicx.sty
Package: graphicx 2021/09/16 v1.2d Enhanced LaTeX Graphics (DPC,SPQR)

(c:/texlive/2025/texmf-dist/tex/latex/graphics/graphics.sty
Package: graphics 2024/08/06 v1.4g Standard LaTeX Graphics (DPC,SPQR)

(c:/texlive/2025/texmf-dist/tex/latex/graphics/trig.sty
Package: trig 2023/12/02 v1.11 sin cos tan (DPC)
)
(c:/texlive/2025/texmf-dist/tex/latex/graphics-cfg/graphics.cfg
File: graphics.cfg 2016/06/04 v1.11 sample graphics configuration
)
Package graphics Info: Driver file: pdftex.def on input line 106.

(c:/texlive/2025/texmf-dist/tex/latex/graphics-def/pdftex.def
File: pdftex.def 2024/04/13 v1.2c Graphics/color driver for pdftex
))
\Gin@req@height=\dimen154
\Gin@req@width=\dimen155
))
(c:/texlive/2025/texmf-dist/tex/latex/base/fontenc.sty
Package: fontenc 2021/04/29 v2.0v Standard LaTeX package
LaTeX Font Info:    Trying to load font information for T1+lmr on input line 11
6.

(c:/texlive/2025/texmf-dist/tex/latex/lm/t1lmr.fd
File: t1lmr.fd 2015/05/01 v1.6.1 Font defs for Latin Modern
))
(c:/texlive/2025/texmf-dist/tex/generic/babel/babel.sty
Package: babel 2025/03/10 v25.5 The multilingual framework for pdfLaTeX, LuaLaT
eX and XeLaTeX
\babel@savecnt=\count286
\U@D=\dimen156
\l@unhyphenated=\language90

(c:/texlive/2025/texmf-dist/tex/generic/babel/txtbabel.def)
\bbl@readstream=\read2
\bbl@dirlevel=\count287

(c:/texlive/2025/texmf-dist/tex/generic/babel-hungarian/magyar.ldf
Language: magyar 2019/01/14 v1.5c Magyar (Hungarian) support for babel
\c@enumv=\count288
Package babel Info: Making ; an active character on input line 2791.
Package babel Info: Making ! an active character on input line 2793.
Package babel Info: Making ? an active character on input line 2799.
Package babel Info: Making : an active character on input line 2801.
Package babel Info: Making ` an active character on input line 2819.
\c@footnote@add=\count289
\c@footnote@ch=\count290
))
(c:/texlive/2025/texmf-dist/tex/generic/babel/locale/hu/babel-magyar.tex
Package babel Info: Importing font and identification data for magyar
(babel)             from babel-hu.ini. Reported on input line 11.
)
(c:/texlive/2025/texmf-dist/tex/latex/mathtools/mathtools.sty
Package: mathtools 2024/10/04 v1.31 mathematical typesetting tools

(c:/texlive/2025/texmf-dist/tex/latex/tools/calc.sty
Package: calc 2023/07/08 v4.3 Infix arithmetic (KKT,FJ)
\calc@Acount=\count291
\calc@Bcount=\count292
\calc@Adimen=\dimen157
\calc@Bdimen=\dimen158
\calc@Askip=\skip52
\calc@Bskip=\skip53
LaTeX Info: Redefining \setlength on input line 80.
LaTeX Info: Redefining \addtolength on input line 81.
\calc@Ccount=\count293
\calc@Cskip=\skip54
)
(c:/texlive/2025/texmf-dist/tex/latex/mathtools/mhsetup.sty
Package: mhsetup 2021/03/18 v1.4 programming setup (MH)
)
(c:/texlive/2025/texmf-dist/tex/latex/amsmath/amsmath.sty
Package: amsmath 2024/11/05 v2.17t AMS math features
\@mathmargin=\skip55

For additional information on amsmath, use the `?' option.
(c:/texlive/2025/texmf-dist/tex/latex/amsmath/amstext.sty
Package: amstext 2021/08/26 v2.01 AMS text

(c:/texlive/2025/texmf-dist/tex/latex/amsmath/amsgen.sty
File: amsgen.sty 1999/11/30 v2.0 generic functions
\@emptytoks=\toks19
\ex@=\dimen159
))
(c:/texlive/2025/texmf-dist/tex/latex/amsmath/amsbsy.sty
Package: amsbsy 1999/11/29 v1.2d Bold Symbols
\pmbraise@=\dimen160
)
(c:/texlive/2025/texmf-dist/tex/latex/amsmath/amsopn.sty
Package: amsopn 2022/04/08 v2.04 operator names
)
\inf@bad=\count294
LaTeX Info: Redefining \frac on input line 233.
\uproot@=\count295
\leftroot@=\count296
LaTeX Info: Redefining \overline on input line 398.
LaTeX Info: Redefining \colon on input line 409.
\classnum@=\count297
\DOTSCASE@=\count298
LaTeX Info: Redefining \ldots on input line 495.
LaTeX Info: Redefining \dots on input line 498.
LaTeX Info: Redefining \cdots on input line 619.
\Mathstrutbox@=\box52
\strutbox@=\box53
LaTeX Info: Redefining \big on input line 721.
LaTeX Info: Redefining \Big on input line 722.
LaTeX Info: Redefining \bigg on input line 723.
LaTeX Info: Redefining \Bigg on input line 724.
\big@size=\dimen161
LaTeX Font Info:    Redeclaring font encoding OML on input line 742.
LaTeX Font Info:    Redeclaring font encoding OMS on input line 743.
\macc@depth=\count299
LaTeX Info: Redefining \bmod on input line 904.
LaTeX Info: Redefining \pmod on input line 909.
LaTeX Info: Redefining \smash on input line 939.
LaTeX Info: Redefining \relbar on input line 969.
LaTeX Info: Redefining \Relbar on input line 970.
\c@MaxMatrixCols=\count300
\dotsspace@=\muskip18
\c@parentequation=\count301
\dspbrk@lvl=\count302
\tag@help=\toks20
\row@=\count303
\column@=\count304
\maxfields@=\count305
\andhelp@=\toks21
\eqnshift@=\dimen162
\alignsep@=\dimen163
\tagshift@=\dimen164
\tagwidth@=\dimen165
\totwidth@=\dimen166
\lineht@=\dimen167
\@envbody=\toks22
\multlinegap=\skip56
\multlinetaggap=\skip57
\mathdisplay@stack=\toks23
LaTeX Info: Redefining \[ on input line 2953.
LaTeX Info: Redefining \] on input line 2954.
)
\g_MT_multlinerow_int=\count306
\l_MT_multwidth_dim=\dimen168
\origjot=\skip58
\l_MT_shortvdotswithinadjustabove_dim=\dimen169
\l_MT_shortvdotswithinadjustbelow_dim=\dimen170
\l_MT_above_intertext_sep=\dimen171
\l_MT_below_intertext_sep=\dimen172
\l_MT_above_shortintertext_sep=\dimen173
\l_MT_below_shortintertext_sep=\dimen174
\xmathstrut@box=\box54
\xmathstrut@dim=\dimen175
)
(c:/texlive/2025/texmf-dist/tex/latex/amsfonts/amssymb.sty
Package: amssymb 2013/01/14 v3.01 AMS font symbols

(c:/texlive/2025/texmf-dist/tex/latex/amsfonts/amsfonts.sty
Package: amsfonts 2013/01/14 v3.01 Basic AMSFonts support
\symAMSa=\mathgroup4
\symAMSb=\mathgroup5
LaTeX Font Info:    Redeclaring math symbol \hbar on input line 98.
LaTeX Font Info:    Overwriting math alphabet `\mathfrak' in version `bold'
(Font)                  U/euf/m/n --> U/euf/b/n on input line 106.
))
(c:/texlive/2025/texmf-dist/tex/latex/amscls/amsthm.sty
Package: amsthm 2020/05/29 v2.20.6
\thm@style=\toks24
\thm@bodyfont=\toks25
\thm@headfont=\toks26
\thm@notefont=\toks27
\thm@headpunct=\toks28
\thm@preskip=\skip59
\thm@postskip=\skip60
\thm@headsep=\skip61
\dth@everypar=\toks29
)
(c:/texlive/2025/texmf-dist/tex/latex/pdfpages/pdfpages.sty
Package: pdfpages 2025/03/12 v0.6f Insert pages of external PDF documents (AM)

(c:/texlive/2025/texmf-dist/tex/latex/base/ifthen.sty
Package: ifthen 2024/03/16 v1.1e Standard LaTeX ifthen package (DPC)
)
(c:/texlive/2025/texmf-dist/tex/latex/eso-pic/eso-pic.sty
Package: eso-pic 2023/05/03 v3.0c eso-pic (RN)
\ESO@tempdima=\dimen176
\ESO@tempdimb=\dimen177

(c:/texlive/2025/texmf-dist/tex/latex/xcolor/xcolor.sty
Package: xcolor 2024/09/29 v3.02 LaTeX color extensions (UK)

(c:/texlive/2025/texmf-dist/tex/latex/graphics-cfg/color.cfg
File: color.cfg 2016/01/02 v1.6 sample color configuration
)
Package xcolor Info: Driver file: pdftex.def on input line 274.

(c:/texlive/2025/texmf-dist/tex/latex/graphics/mathcolor.ltx)
Package xcolor Info: Model `cmy' substituted by `cmy0' on input line 1349.
Package xcolor Info: Model `hsb' substituted by `rgb' on input line 1353.
Package xcolor Info: Model `RGB' extended on input line 1365.
Package xcolor Info: Model `HTML' substituted by `rgb' on input line 1367.
Package xcolor Info: Model `Hsb' substituted by `hsb' on input line 1368.
Package xcolor Info: Model `tHsb' substituted by `hsb' on input line 1369.
Package xcolor Info: Model `HSB' substituted by `hsb' on input line 1370.
Package xcolor Info: Model `Gray' substituted by `gray' on input line 1371.
Package xcolor Info: Model `wave' substituted by `hsb' on input line 1372.
))
\AM@pagewidth=\dimen178
\AM@pageheight=\dimen179
\AM@fboxrule=\dimen180

(c:/texlive/2025/texmf-dist/tex/latex/pdfpages/pppdftex.def
File: pppdftex.def 2025/03/12 v0.6f Pdfpages driver for pdfTeX (AM)
)
\pdfpages@includegraphics@status=\count307
\AM@pagebox=\box55
\AM@global@opts=\toks30
\AM@pagecnt=\count308
\AM@toc@title=\toks31
\AM@lof@heading=\toks32
\c@AM@survey=\count309
\AM@templatesizebox=\box56
)
\c@tetel=\count310

(c:/texlive/2025/texmf-dist/tex/latex/upquote/upquote.sty
Package: upquote 2012/04/19 v1.3 upright-quote and grave-accent glyphs in verba
tim

(c:/texlive/2025/texmf-dist/tex/latex/base/textcomp.sty
Package: textcomp 2024/04/24 v2.1b Standard LaTeX package
))
(c:/texlive/2025/texmf-dist/tex/latex/l3backend/l3backend-pdftex.def
File: l3backend-pdftex.def 2024-05-08 L3 backend support: PDF output (pdfTeX)
\l__color_backend_stack_int=\count311
\l__pdf_internal_box=\box57
)
(./thesis-ekf-template-mat-inf.aux)
\openout1 = `thesis-ekf-template-mat-inf.aux'.

LaTeX Font Info:    Checking defaults for OML/cmm/m/it on input line 24.
LaTeX Font Info:    ... okay on input line 24.
LaTeX Font Info:    Checking defaults for OMS/cmsy/m/n on input line 24.
LaTeX Font Info:    ... okay on input line 24.
LaTeX Font Info:    Checking defaults for OT1/cmr/m/n on input line 24.
LaTeX Font Info:    ... okay on input line 24.
LaTeX Font Info:    Checking defaults for T1/cmr/m/n on input line 24.
LaTeX Font Info:    ... okay on input line 24.
LaTeX Font Info:    Checking defaults for TS1/cmr/m/n on input line 24.
LaTeX Font Info:    ... okay on input line 24.
LaTeX Font Info:    Checking defaults for OMX/cmex/m/n on input line 24.
LaTeX Font Info:    ... okay on input line 24.
LaTeX Font Info:    Checking defaults for U/cmr/m/n on input line 24.
LaTeX Font Info:    ... okay on input line 24.
LaTeX Font Info:    Checking defaults for PD1/pdf/m/n on input line 24.
LaTeX Font Info:    ... okay on input line 24.
LaTeX Font Info:    Checking defaults for PU/pdf/m/n on input line 24.
LaTeX Font Info:    ... okay on input line 24.
Package hyperref Info: Link coloring OFF on input line 24.
 (./thesis-ekf-template-mat-inf.out)
(./thesis-ekf-template-mat-inf.out)
\@outlinefile=\write3
\openout3 = `thesis-ekf-template-mat-inf.out'.


*geometry* driver: auto-detecting
*geometry* detected driver: pdftex
*geometry* verbose mode - [ preamble ] result:
* driver: pdftex
* paper: a4paper
* layout: <same size as paper>
* layoutoffset:(h,v)=(0.0pt,0.0pt)
* modes: 
* h-part:(L,W,R)=(85.35826pt, 441.01773pt, 71.13188pt)
* v-part:(T,H,B)=(71.13188pt, 702.78308pt, 71.13188pt)
* \paperwidth=597.50787pt
* \paperheight=845.04684pt
* \textwidth=441.01773pt
* \textheight=702.78308pt
* \oddsidemargin=13.08827pt
* \evensidemargin=13.08827pt
* \topmargin=-38.1381pt
* \headheight=12.0pt
* \headsep=25.0pt
* \topskip=12.0pt
* \footskip=30.0pt
* \marginparwidth=44.0pt
* \marginparsep=10.0pt
* \columnsep=10.0pt
* \skip\footins=10.8pt plus 4.0pt minus 2.0pt
* \hoffset=0.0pt
* \voffset=0.0pt
* \mag=1000
* \@twocolumnfalse
* \@twosidefalse
* \@mparswitchfalse
* \@reversemarginfalse
* (1in=72.27pt=25.4mm, 1cm=28.453pt)

LaTeX Font Info:    Trying to load font information for OT1+lmr on input line 2
4.
(c:/texlive/2025/texmf-dist/tex/latex/lm/ot1lmr.fd
File: ot1lmr.fd 2015/05/01 v1.6.1 Font defs for Latin Modern
)
LaTeX Font Info:    Trying to load font information for OML+lmm on input line 2
4.

(c:/texlive/2025/texmf-dist/tex/latex/lm/omllmm.fd
File: omllmm.fd 2015/05/01 v1.6.1 Font defs for Latin Modern
)
LaTeX Font Info:    Trying to load font information for OMS+lmsy on input line 
24.

(c:/texlive/2025/texmf-dist/tex/latex/lm/omslmsy.fd
File: omslmsy.fd 2015/05/01 v1.6.1 Font defs for Latin Modern
)
LaTeX Font Info:    Trying to load font information for OMX+lmex on input line 
24.

(c:/texlive/2025/texmf-dist/tex/latex/lm/omxlmex.fd
File: omxlmex.fd 2015/05/01 v1.6.1 Font defs for Latin Modern
)
LaTeX Font Info:    External font `lmex10' loaded for size
(Font)              <12> on input line 24.
LaTeX Font Info:    External font `lmex10' loaded for size
(Font)              <8> on input line 24.
LaTeX Font Info:    External font `lmex10' loaded for size
(Font)              <6> on input line 24.
LaTeX Font Info:    Trying to load font information for U+msa on input line 24.


(c:/texlive/2025/texmf-dist/tex/latex/amsfonts/umsa.fd
File: umsa.fd 2013/01/14 v3.01 AMS symbols A
)
LaTeX Font Info:    Trying to load font information for U+msb on input line 24.


(c:/texlive/2025/texmf-dist/tex/latex/amsfonts/umsb.fd
File: umsb.fd 2013/01/14 v3.01 AMS symbols B
)
LaTeX Font Info:    Overwriting symbol font `largesymbols' in version `normal'
(Font)                  OMX/lmex/m/n --> OMX/cmex/m/n on input line 24.
LaTeX Font Info:    Overwriting symbol font `largesymbols' in version `bold'
(Font)                  OMX/lmex/m/n --> OMX/cmex/m/n on input line 24.

(c:/texlive/2025/texmf-dist/tex/context/base/mkii/supp-pdf.mkii
[Loading MPS to PDF converter (version 2006.09.02).]
\scratchcounter=\count312
\scratchdimen=\dimen181
\scratchbox=\box58
\nofMPsegments=\count313
\nofMParguments=\count314
\everyMPshowfont=\toks33
\MPscratchCnt=\count315
\MPscratchDim=\dimen182
\MPnumerator=\count316
\makeMPintoPDFobject=\count317
\everyMPtoPDFconversion=\toks34
) (c:/texlive/2025/texmf-dist/tex/latex/epstopdf-pkg/epstopdf-base.sty
Package: epstopdf-base 2020-01-24 v2.11 Base part for package epstopdf
Package epstopdf-base Info: Redefining graphics rule for `.eps' on input line 4
85.

(c:/texlive/2025/texmf-dist/tex/latex/latexconfig/epstopdf-sys.cfg
File: epstopdf-sys.cfg 2010/07/13 v1.3 Configuration of (r)epstopdf for TeX Liv
e
))
(c:/texlive/2025/texmf-dist/tex/latex/pdflscape/pdflscape.sty
Package: pdflscape 2022-10-27 v0.13 Display of landscape pages in PDF

(c:/texlive/2025/texmf-dist/tex/latex/pdflscape/pdflscape-nometadata.sty
Package: pdflscape-nometadata 2022-10-28 v0.13 Display of landscape pages in PD
F (HO)

(c:/texlive/2025/texmf-dist/tex/latex/graphics/lscape.sty
Package: lscape 2020/05/28 v3.02 Landscape Pages (DPC)
)
Package pdflscape Info: Auto-detected driver: pdftex on input line 81.
))
(c:/texlive/2025/texmf-dist/tex/latex/base/report.cls
LaTeX Info: Redefining \cal on input line 577.
LaTeX Info: Redefining \mit on input line 578.
)
Package babel Info: 'magyar' activates 'magyar' shorthands.
(babel)             Reported  on input line 24.
<eszterhazy-logo-hu.pdf, id=285, 256.07971pt x 88.04292pt>
File: eszterhazy-logo-hu.pdf Graphic file (type pdf)
<use eszterhazy-logo-hu.pdf>
Package pdftex.def Info: eszterhazy-logo-hu.pdf  used on input line 32.
(pdftex.def)             Requested size: 256.07907pt x 88.0427pt.


[1


{c:/texlive/2025/texmf-var/fonts/map/pdftex/updmap/pdftex.map}{c:/texlive/2025/
texmf-dist/fonts/enc/dvips/lm/lm-ec.enc} <c:/texlive/2025/texmf-dist/tex/latex/
thesis-ekf/eszterhazy-logo-hu.pdf>] (./thesis-ekf-template-mat-inf.toc

[2

]

[3])
\tf@toc=\write4
\openout4 = `thesis-ekf-template-mat-inf.toc'.



[4]

[5

]
1. fejezet.


[6

]

[7]

[8]

[9]

[10]

[11]

[12]
2. fejezet.


[13

]

[14]

[15]
3. fejezet.
<ImplementsIDealsDamage.png, id=508, 298.11375pt x 169.63374pt>
File: ImplementsIDealsDamage.png Graphic file (type png)
<use ImplementsIDealsDamage.png>
Package pdftex.def Info: ImplementsIDealsDamage.png  used on input line 190.
(pdftex.def)             Requested size: 220.50887pt x 125.47522pt.
<implementsIInteractable.png, id=510, 133.49875pt x 169.63374pt>
File: implementsIInteractable.png Graphic file (type png)
<use implementsIInteractable.png>
Package pdftex.def Info: implementsIInteractable.png  used on input line 200.
(pdftex.def)             Requested size: 110.25443pt x 140.10226pt.


[16

 <./ImplementsIDealsDamage.png>]
<implementsIRandomStream.png, id=517, 686.565pt x 169.63374pt>
File: implementsIRandomStream.png Graphic file (type png)
<use implementsIRandomStream.png>
Package pdftex.def Info: implementsIRandomStream.png  used on input line 210.
(pdftex.def)             Requested size: 441.01773pt x 108.96382pt.


[17 <./implementsIInteractable.png> <./implementsIRandomStream.png>]

[18]

[19]
LaTeX Font Info:    Trying to load font information for TS1+lmr on input line 2
61.
 (c:/texlive/2025/texmf-dist/tex/latex/lm/ts1lmr.fd
File: ts1lmr.fd 2015/05/01 v1.6.1 Font defs for Latin Modern
)

[20]

[21{c:/texlive/2025/texmf-dist/fonts/enc/dvips/lm/lm-ts1.enc}]

[22]

[23]
Overfull \hbox (18.10587pt too wide) in paragraph at lines 319--320
\T1/lmr/m/n/12 Egyik a ket-t® alap el-len-fél-b®l. Alap-ér-tel-me-zet-ten egy k
ar-dot hasz-nál, MeleeAttackStrategy-
 []


Overfull \hbox (132.44199pt too wide) in paragraph at lines 319--320
\T1/lmr/m/n/12 vel te-hát ha já-té-kos 5 koc-ká-nál kis-sebb tá-vol-ság-ra van,
 ak-kor tá-mad, il-let-ve RunTowardsPlayerMovementStrategy-
 []


Overfull \hbox (8.50845pt too wide) in paragraph at lines 321--322
\T1/lmr/m/n/12 A má-sik alap el-len-fél. Alap-ér-tel-me-zet-ten egy pisz-tolyt 
hasz-nál, és RangedAttackStrategy-
 []


Overfull \hbox (74.90625pt too wide) in paragraph at lines 321--322
\T1/lmr/m/n/12 t, ami azt je-len-ti, hogy ha a já-té-kos 10 koc-ká-nál kö-ze-le
bb van, ak-kor tá-mad. AvoidMeleeRangeStrategy-
 []



[24]

[25]
4. fejezet.


[26

]
5. fejezet.

LaTeX Warning: Citation `advancedRuleTileset' on page 27 undefined on input lin
e 346.



[27

]

[28] (./thesis-ekf-template-mat-inf.lof)
\tf@lof=\write5
\openout5 = `thesis-ekf-template-mat-inf.lof'.



[29

]
Overfull \hbox (13.53276pt too wide) in paragraph at lines 359--360
[]\T1/lmr/m/sc/12 Kathleen Ku-i-per\T1/lmr/m/n/12 : \T1/lmr/m/it/12 Wa-i-ting f
or Go-dot\T1/lmr/m/n/12 , https://www.britannica.com/topic/Waiting-
 []


Overfull \hbox (82.9814pt too wide) in paragraph at lines 365--366
[]\T1/lmr/m/sc/12 Jeremy Si-ek\T1/lmr/m/n/12 : \T1/lmr/m/it/12 What is Gra-du-a
l Ty-ping\T1/lmr/m/n/12 , https://jsiek.github.io/home/WhatIsGradualTyping.html
,
 []


Overfull \hbox (1.21097pt too wide) in paragraph at lines 371--372
[]\T1/lmr/m/sc/12 Juan Li-niet-s-ky\T1/lmr/m/n/12 : \T1/lmr/m/it/12 Go-dot 3.0 
Re-le-a-se No-tes\T1/lmr/m/n/12 , https://godotengine.org/article/godot-
 []


Underfull \hbox (badness 10000) in paragraph at lines 383--384
[]\T1/lmr/m/sc/12 Godot Cont-ri-bu-tors\T1/lmr/m/n/12 : \T1/lmr/m/it/12 A Uni-f
i-ed Ex-pe-ri-en-ce\T1/lmr/m/n/12 ,
 []


Underfull \hbox (badness 10000) in paragraph at lines 386--387
[]\T1/lmr/m/sc/12 Godot Cont-ri-bu-tors\T1/lmr/m/n/12 : \T1/lmr/m/it/12 Over-vi
ew of Go-dot's Key Con-cepts\T1/lmr/m/n/12 ,
 []


Overfull \hbox (95.74783pt too wide) in paragraph at lines 386--387
\T1/lmr/m/n/12 https://docs.godotengine.org/en/stable/getting_started/introduct
ion/key_concepts_overview.html,
 []


Overfull \hbox (151.95094pt too wide) in paragraph at lines 389--390
[]\T1/lmr/m/sc/12 Godot Cont-ri-bu-tors\T1/lmr/m/n/12 : \T1/lmr/m/it/12 GDScrip
t\T1/lmr/m/n/12 , https://docs.godotengine.org/en/stable/tutorials/scripting/gd
script.html,
 []


Underfull \hbox (badness 10000) in paragraph at lines 392--393
[]\T1/lmr/m/sc/12 Refactoring Gu-ru\T1/lmr/m/n/12 : \T1/lmr/m/it/12 Ob-ser-ver\
T1/lmr/m/n/12 , https://refactoring.guru/design-
 []


Underfull \hbox (badness 6001) in paragraph at lines 395--396
[]\T1/lmr/m/sc/12 Rena Dar-ling\T1/lmr/m/n/12 : \T1/lmr/m/it/12 12 Po-pu-lar Ga
-mes Ma-de With The Go-dot En-gi-ne\T1/lmr/m/n/12 ,
 []



[30

]
Underfull \hbox (badness 2846) in paragraph at lines 398--399
[]\T1/lmr/m/sc/12 Bippinbits\T1/lmr/m/n/12 : \T1/lmr/m/it/12 Do-me Keeper\T1/lm
r/m/n/12 , https://godotengine.org/showcase/dome-keeper/,
 []


Overfull \hbox (35.29716pt too wide) in paragraph at lines 404--405
[]\T1/lmr/m/sc/12 Consumer Softpro-ducts\T1/lmr/m/n/12 : \T1/lmr/m/it/12 Cru-el
ty Squ-ad\T1/lmr/m/n/12 , https://godotengine.org/showcase/cruelty-
 []


Underfull \hbox (badness 10000) in paragraph at lines 410--411
[]\T1/lmr/m/sc/12 Epic Ga-mes\T1/lmr/m/n/12 : \T1/lmr/m/it/12 Abo-ut Epic Ga-me
s\T1/lmr/m/n/12 , https://www.epicgames.com/site/en-
 []


Underfull \hbox (badness 10000) in paragraph at lines 416--417
[]\T1/lmr/m/sc/12 Beyond Un-re-al Wi-ki\T1/lmr/m/n/12 : \T1/lmr/m/it/12 Leg-acy
: Un-re-al En-gi-ne Vers-ions/2\T1/lmr/m/n/12 ,
 []


Overfull \hbox (11.5548pt too wide) in paragraph at lines 416--417
\T1/lmr/m/n/12 https://wiki.beyondunreal.com/Legacy:Unreal_Engine_Versions/#Bui
ld_Versions,
 []


Underfull \hbox (badness 10000) in paragraph at lines 419--420
[]\T1/lmr/m/sc/12 Mike Thom-sen\T1/lmr/m/n/12 : \T1/lmr/m/it/12 His-to-ry of th
e Un-re-al En-gi-ne\T1/lmr/m/n/12 ,
 []


Overfull \hbox (153.83879pt too wide) in paragraph at lines 425--426
[]\T1/lmr/m/sc/12 Game Sci-en-ce\T1/lmr/m/n/12 : \T1/lmr/m/it/12 Black Myth: Wu
-kong\T1/lmr/m/n/12 , https://store.steampowered.com/app/2358720/Black_Myth_Wuk
ong/,
 []


Underfull \hbox (badness 10000) in paragraph at lines 428--429
[]\T1/lmr/m/sc/12 Rare Ltd\T1/lmr/m/n/12 : \T1/lmr/m/it/12 Sea of Thi-eves: 202
5 Edi-ti-on\T1/lmr/m/n/12 ,
 []


Underfull \hbox (badness 10000) in paragraph at lines 428--429
\T1/lmr/m/n/12 https://store.steampowered.com/app/1172620/Sea_of_Thieves_2025_E
dition/,
 []


Overfull \hbox (74.39923pt too wide) in paragraph at lines 437--438
[]\T1/lmr/m/sc/12 Zak Par-rish\T1/lmr/m/n/12 : \T1/lmr/m/it/12 Int-ro-duc-ti-on
 to Blu-e-prints\T1/lmr/m/n/12 , https://www.unrealengine.com/fr/blog/introduct
ion-
 []



[31]
Overfull \hbox (4.55466pt too wide) in paragraph at lines 449--450
[]\T1/lmr/m/sc/12 Facepunch Stu-dios\T1/lmr/m/n/12 : \T1/lmr/m/it/12 Rust\T1/lm
r/m/n/12 , https://store.steampowered.com/app/252490/Rust/,
 []


Overfull \hbox (31.19386pt too wide) in paragraph at lines 452--453
[]\T1/lmr/m/sc/12 Beat Ga-mes\T1/lmr/m/n/12 : \T1/lmr/m/it/12 Beat Sa-ber\T1/lm
r/m/n/12 , https://store.steampowered.com/app/620980/Beat_Saber/,
 []


Underfull \hbox (badness 10000) in paragraph at lines 455--456
[]\T1/lmr/m/sc/12 Péter Nagy\T1/lmr/m/n/12 : \T1/lmr/m/it/12 Zsá-ner-ma-gya-rá-
zó ^^U Mi a fe-ne az a ro-gue-li-ke?\T1/lmr/m/n/12 ,
 []


Underfull \hbox (badness 10000) in paragraph at lines 455--456
\T1/lmr/m/n/12 https://hu.ign.com/hades/67008/feature/zsanermagyarazo-mi-a-fene
-az-a-
 []


Overfull \hbox (68.65524pt too wide) in paragraph at lines 458--459
[]\T1/lmr/m/sc/12 Vlambeer\T1/lmr/m/n/12 : \T1/lmr/m/it/12 Nuc-lear Th-ro-ne\T1
/lmr/m/n/12 , https://store.steampowered.com/app/242680/Nuclear_Throne/,
 []


Overfull \hbox (179.97256pt too wide) in paragraph at lines 461--462
[]\T1/lmr/m/sc/12 Unity Tech-no-lo-gi-es\T1/lmr/m/n/12 : \T1/lmr/m/it/12 Ran-do
m\T1/lmr/m/n/12 , https://docs.unity3d.com/6000.0/Documentation/ScriptReference
/Random.html,
 []


Underfull \hbox (badness 10000) in paragraph at lines 464--465
[]\T1/lmr/m/sc/12 Microsoft\T1/lmr/m/n/12 : \T1/lmr/m/it/12 Ran-dom Class\T1/lm
r/m/n/12 , https://learn.microsoft.com/en-
 []


Overfull \hbox (172.60004pt too wide) in paragraph at lines 467--468
[]\T1/lmr/m/sc/12 Unity Tech-no-lo-gi-es\T1/lmr/m/n/12 : \T1/lmr/m/it/12 Vec-to
r3\T1/lmr/m/n/12 , https://docs.unity3d.com/6000.0/Documentation/ScriptReferenc
e/Vector3.html,
 []


Underfull \hbox (badness 10000) in paragraph at lines 470--471
[]\T1/lmr/m/sc/12 johnsoncodehk, Dre-ad-Boy, AV-Che-mo-da-nov, Doc-torShin-o-bi
,
 []


Overfull \hbox (160.62631pt too wide) in paragraph at lines 470--471
\T1/lmr/m/sc/12 n4n0lix\T1/lmr/m/n/12 : \T1/lmr/m/it/12 Ru-le Ti-le\T1/lmr/m/n/
12 , https://docs.unity3d.com/Packages/com.unity.2d.tilemap.extras@4.3/manual/R
uleTile.html,
 []


Underfull \hbox (badness 10000) in paragraph at lines 473--474
[]\T1/lmr/m/sc/12 johnsoncodehk, Au-to-fi-re\T1/lmr/m/n/12 : \T1/lmr/m/it/12 Ad
-van-ced Ru-le Overr-ide Ti-le\T1/lmr/m/n/12 ,
 []


Overfull \hbox (150.52432pt too wide) in paragraph at lines 473--474
\T1/lmr/m/n/12 https://docs.unity3d.com/Packages/com.unity.2d.tilemap.extras@2.
0/manual/AdvancedRuleOverrideTile.html,
 []

<nyilatkozat/nyilatkozat.pdf, id=611, 597.50829pt x 845.0471pt>
File: nyilatkozat/nyilatkozat.pdf Graphic file (type pdf)
<use nyilatkozat/nyilatkozat.pdf>
Package pdftex.def Info: nyilatkozat/nyilatkozat.pdf  used on input line 477.
(pdftex.def)             Requested size: 597.50682pt x 845.04504pt.
<nyilatkozat/nyilatkozat.pdf, id=613, page=1, 597.50829pt x 845.0471pt>
File: nyilatkozat/nyilatkozat.pdf Graphic file (type pdf)
<use nyilatkozat/nyilatkozat.pdf, page 1>
Package pdftex.def Info: nyilatkozat/nyilatkozat.pdf , page1 used on input line
 477.
(pdftex.def)             Requested size: 597.50682pt x 845.04504pt.
File: nyilatkozat/nyilatkozat.pdf Graphic file (type pdf)
<use nyilatkozat/nyilatkozat.pdf, page 1>
Package pdftex.def Info: nyilatkozat/nyilatkozat.pdf , page1 used on input line
 477.
(pdftex.def)             Requested size: 597.53416pt x 845.08372pt.


[32]
File: nyilatkozat/nyilatkozat.pdf Graphic file (type pdf)
<use nyilatkozat/nyilatkozat.pdf, page 1>
Package pdftex.def Info: nyilatkozat/nyilatkozat.pdf , page1 used on input line
 477.
(pdftex.def)             Requested size: 597.53416pt x 845.08372pt.
File: nyilatkozat/nyilatkozat.pdf Graphic file (type pdf)
<use nyilatkozat/nyilatkozat.pdf, page 1>
Package pdftex.def Info: nyilatkozat/nyilatkozat.pdf , page1 used on input line
 477.
(pdftex.def)             Requested size: 597.53416pt x 845.08372pt.


File: nyilatkozat/nyilatkozat.pdf Graphic file (type pdf)
<use nyilatkozat/nyilatkozat.pdf, page 1>
Package pdftex.def Info: nyilatkozat/nyilatkozat.pdf , page1 used on input line
 477.
(pdftex.def)             Requested size: 597.53416pt x 845.08372pt.
[33

 <./nyilatkozat/nyilatkozat.pdf>] (./thesis-ekf-template-mat-inf.aux)
 ***********
LaTeX2e <2024-11-01> patch level 2
L3 programming layer <2025-01-18>
 ***********


LaTeX Warning: There were undefined references.

Package rerunfilecheck Info: File `thesis-ekf-template-mat-inf.out' has not cha
nged.
(rerunfilecheck)             Checksum: 16FCF2D8180DAFDA22551FB287A6F106;12308.
 ) 
Here is how much of TeX's memory you used:
 15249 strings out of 473189
 245109 string characters out of 5719958
 673333 words of memory out of 5000000
 38104 multiletter control sequences out of 15000+600000
 618816 words of font info for 85 fonts, out of 8000000 for 9000
 1141 hyphenation exceptions out of 8191
 84i,17n,93p,1028b,642s stack positions out of 10000i,1000n,20000p,200000b,200000s
<c:/texlive/2025/texmf-dist/fonts/type1/public/lm/lmbx12.pfb><c:/texlive/2025
/texmf-dist/fonts/type1/public/lm/lmcsc10.pfb><c:/texlive/2025/texmf-dist/fonts
/type1/public/lm/lmr12.pfb><c:/texlive/2025/texmf-dist/fonts/type1/public/lm/lm
ri12.pfb><c:/texlive/2025/texmf-dist/fonts/type1/public/lm/lmtt12.pfb>
Output written on thesis-ekf-template-mat-inf.pdf (33 pages, 267708 bytes).
PDF statistics:
 707 PDF objects out of 1000 (max. 8388607)
 640 compressed objects within 7 object streams
 163 named destinations out of 1000 (max. 500000)
 596 words of extra memory for PDF output out of 10000 (max. 10000000)

