\BOOKMARK [0][-]{chapter*.2}{\376\377\000B\000e\000v\000e\000z\000e\000t\000\351\000s}{}% 1
\BOOKMARK [0][-]{chapter.1}{\376\377\0001\000.\000\040\000T\000e\000c\000h\000n\000o\000l\000\363\000g\000i\000a\000i\000\040\000B\000e\000v\000e\000z\000e\000t\000\351\000s}{}% 2
\BOOKMARK [1][-]{section.1.1}{\376\377\0001\000.\0001\000.\000\040\000G\000o\000d\000o\000t\000\040\000b\000e\000m\000u\000t\000a\000t\000\341\000s\000a}{chapter.1}% 3
\BOOKMARK [2][-]{subsection.1.1.1}{\376\377\0001\000.\0001\000.\0001\000.\000\040\000F\001\121\000b\000b\000\040\000j\000e\000l\000l\000e\000m\000z\001\121\000k}{section.1.1}% 4
\BOOKMARK [2][-]{subsection.1.1.2}{\376\377\0001\000.\0001\000.\0002\000.\000\040\000U\000n\000i\000t\000y\000\040\000k\000e\000r\000e\000t\000r\000e\000n\000d\000s\000z\000e\000r\000h\000e\000z\000\040\000k\000\351\000p\000e\000s\000t}{section.1.1}% 5
\BOOKMARK [1][-]{section.1.2}{\376\377\0001\000.\0002\000.\000\040\000U\000n\000r\000e\000a\000l\000\040\000b\000e\000m\000u\000t\000a\000t\000\341\000s\000a}{chapter.1}% 6
\BOOKMARK [2][-]{subsection.1.2.1}{\376\377\0001\000.\0002\000.\0001\000.\000\040\000F\001\121\000b\000b\000\040\000j\000e\000l\000l\000e\000m\000z\001\121\000k}{section.1.2}% 7
\BOOKMARK [2][-]{subsection.1.2.2}{\376\377\0001\000.\0002\000.\0002\000.\000\040\000U\000n\000i\000t\000y\000\040\000k\000e\000r\000e\000t\000r\000e\000n\000d\000s\000z\000e\000r\000h\000e\000z\000\040\000k\000\351\000p\000e\000s\000t}{section.1.2}% 8
\BOOKMARK [1][-]{section.1.3}{\376\377\0001\000.\0003\000.\000\040\000U\000n\000i\000t\000y\000\040\000b\000e\000m\000u\000t\000a\000t\000\341\000s\000a}{chapter.1}% 9
\BOOKMARK [2][-]{subsection.1.3.1}{\376\377\0001\000.\0003\000.\0001\000.\000\040\000F\001\121\000b\000b\000\040\000j\000e\000l\000l\000e\000m\000z\001\121\000k}{section.1.3}% 10
\BOOKMARK [2][-]{subsection.1.3.2}{\376\377\0001\000.\0003\000.\0002\000.\000\040\000M\000i\000\351\000r\000t\000\040\000a\000\040\000U\000n\000i\000t\000y\000-\000t\000\040\000v\000\341\000l\000a\000s\000z\000t\000o\000t\000t\000a\000m}{section.1.3}% 11
\BOOKMARK [2][-]{subsection.1.3.3}{\376\377\0001\000.\0003\000.\0003\000.\000\040\000H\000a\000s\000z\000n\000\341\000l\000t\000\040\000U\000n\000i\000t\000y\000\040\000k\000o\000m\000p\000o\000n\000e\000n\000s\000e\000k\000\040\000b\000e\000m\000u\000t\000a\000t\000\341\000s\000a}{section.1.3}% 12
\BOOKMARK [0][-]{chapter.2}{\376\377\0002\000.\000\040\000R\000e\000n\000d\000s\000z\000e\000r\000t\000e\000r\000v}{}% 13
\BOOKMARK [1][-]{section.2.1}{\376\377\0002\000.\0001\000.\000\040\000B\000e\000v\000e\000z\000e\000t\000\351\000s}{chapter.2}% 14
\BOOKMARK [1][-]{section.2.2}{\376\377\0002\000.\0002\000.\000\040\000F\001\121\000\040\000\366\000t\000l\000e\000t}{chapter.2}% 15
\BOOKMARK [1][-]{section.2.3}{\376\377\0002\000.\0003\000.\000\040\000M\000e\000g\000k\000\374\000l\000\366\000n\000b\000\366\000z\000t\000e\000t\001\121\000\040\000j\000e\000l\000l\000e\000m\000z\001\121\000k}{chapter.2}% 16
\BOOKMARK [2][-]{subsection.2.3.1}{\376\377\0002\000.\0003\000.\0001\000.\000\040\000M\000i\000n\000d\000e\000n\000\040\000m\000e\000n\000e\000t\000\040\000k\000\374\000l\000\366\000n\000b\000\366\000z\001\121}{section.2.3}% 17
\BOOKMARK [2][-]{subsection.2.3.2}{\376\377\0002\000.\0003\000.\0002\000.\000\040\000K\000o\000m\000p\000l\000e\000x\000\040\000e\000l\000l\000e\000n\000f\000e\000l\000e\000k}{section.2.3}% 18
\BOOKMARK [2][-]{subsection.2.3.3}{\376\377\0002\000.\0003\000.\0003\000.\000\040\000T\000\341\000r\000g\000y\000a\000k}{section.2.3}% 19
\BOOKMARK [1][-]{section.2.4}{\376\377\0002\000.\0004\000.\000\040\000E\000g\000y\000\351\000b\000\040\000r\000e\000n\000d\000s\000z\000e\000r\000e\000k}{chapter.2}% 20
\BOOKMARK [2][-]{subsection.2.4.1}{\376\377\0002\000.\0004\000.\0001\000.\000\040\000U\000s\000e\000r\000\040\000I\000n\000t\000e\000r\000f\000a\000c\000e}{section.2.4}% 21
\BOOKMARK [2][-]{subsection.2.4.2}{\376\377\0002\000.\0004\000.\0002\000.\000\040\000E\000l\000k\000\374\000l\000\366\000n\000\355\000t\000e\000t\000t\000\040\000v\000\351\000l\000e\000t\000l\000e\000n\000\040\000s\000z\000\341\000m\000\040\000g\000e\000n\000e\000r\000\341\000t\000o\000r\000o\000k}{section.2.4}% 22
\BOOKMARK [1][-]{section.2.5}{\376\377\0002\000.\0005\000.\000\040\000F\000e\000j\000l\000e\000s\000z\000t\000\351\000s\000i\000\040\000i\000d\001\121\000v\000o\000n\000a\000l}{chapter.2}% 23
\BOOKMARK [0][-]{chapter.3}{\376\377\0003\000.\000\040\000S\000a\000j\000\341\000t\000\040\000p\000r\000o\000j\000e\000k\000t\000\040\000f\000e\000j\000l\000e\000s\000z\000t\000\351\000s\000e}{}% 24
\BOOKMARK [1][-]{section.3.1}{\376\377\0003\000.\0001\000.\000\040\000I\000n\000t\000e\000r\000f\000\351\000s\000z\000e\000k}{chapter.3}% 25
\BOOKMARK [2][-]{subsection.3.1.1}{\376\377\0003\000.\0001\000.\0001\000.\000\040\000I\000D\000e\000a\000l\000s\000D\000a\000m\000a\000g\000e}{section.3.1}% 26
\BOOKMARK [2][-]{subsection.3.1.2}{\376\377\0003\000.\0001\000.\0002\000.\000\040\000I\000I\000n\000t\000e\000r\000a\000c\000t\000a\000b\000l\000e}{section.3.1}% 27
\BOOKMARK [2][-]{subsection.3.1.3}{\376\377\0003\000.\0001\000.\0003\000.\000\040\000I\000R\000a\000n\000d\000o\000m\000S\000t\000r\000e\000a\000m}{section.3.1}% 28
\BOOKMARK [1][-]{section.3.2}{\376\377\0003\000.\0002\000.\000\040\000R\000a\000n\000d\000o\000m\000\040\000S\000t\000r\000e\000a\000m\000s}{chapter.3}% 29
\BOOKMARK [1][-]{section.3.3}{\376\377\0003\000.\0003\000.\000\040\000V\000e\000c\000t\000o\000r\000W\000r\000a\000p\000p\000e\000r\000s}{chapter.3}% 30
\BOOKMARK [2][-]{subsection.3.3.1}{\376\377\0003\000.\0003\000.\0001\000.\000\040\000U\000n\000n\000o\000r\000m\000a\000l\000i\000z\000e\000d\000V\000e\000c\000t\000o\000r\0003}{section.3.3}% 31
\BOOKMARK [2][-]{subsection.3.3.2}{\376\377\0003\000.\0003\000.\0002\000.\000\040\000N\000o\000r\000m\000a\000l\000i\000z\000e\000d\000V\000e\000c\000t\000o\000r\0003}{section.3.3}% 32
\BOOKMARK [2][-]{subsection.3.3.3}{\376\377\0003\000.\0003\000.\0003\000.\000\040\000N\000o\000d\000e\000V\000e\000c\000t\000o\000r\0003}{section.3.3}% 33
\BOOKMARK [1][-]{section.3.4}{\376\377\0003\000.\0004\000.\000\040\000V\000i\000s\000i\000o\000n\000C\000h\000e\000c\000k\000e\000r}{chapter.3}% 34
\BOOKMARK [1][-]{section.3.5}{\376\377\0003\000.\0005\000.\000\040\000A\000*\000\040\000P\000a\000t\000h\000f\000i\000n\000d\000i\000n\000g}{chapter.3}% 35
\BOOKMARK [2][-]{subsection.3.5.1}{\376\377\0003\000.\0005\000.\0001\000.\000\040\000A\000l\000g\000o\000r\000i\000t\000m\000u\000s\000\040\000b\000e\000v\000e\000z\000e\000t\000\351\000s\000e}{section.3.5}% 36
\BOOKMARK [2][-]{subsection.3.5.2}{\376\377\0003\000.\0005\000.\0002\000.\000\040\000E\000z\000e\000n\000\040\000a\000\040\000p\000r\000o\000j\000e\000k\000t\000e\000n\000\040\000b\000e\000l\000\374\000l}{section.3.5}% 37
\BOOKMARK [1][-]{section.3.6}{\376\377\0003\000.\0006\000.\000\040\000A\000M\000o\000v\000e\000m\000e\000n\000t\000S\000t\000r\000a\000t\000e\000g\000y}{chapter.3}% 38
\BOOKMARK [2][-]{subsection.3.6.1}{\376\377\0003\000.\0006\000.\0001\000.\000\040\000A\000E\000n\000e\000m\000y\000M\000o\000v\000e\000m\000e\000n\000t\000S\000t\000r\000a\000t\000e\000g\000y}{section.3.6}% 39
\BOOKMARK [2][-]{subsection.3.6.2}{\376\377\0003\000.\0006\000.\0002\000.\000\040\000P\000l\000a\000y\000e\000r\000M\000o\000v\000e\000m\000e\000n\000t\000S\000t\000r\000a\000t\000e\000g\000y}{section.3.6}% 40
\BOOKMARK [1][-]{section.3.7}{\376\377\0003\000.\0007\000.\000\040\000A\000A\000t\000t\000a\000c\000k\000S\000t\000r\000a\000t\000e\000g\000y}{chapter.3}% 41
\BOOKMARK [2][-]{subsection.3.7.1}{\376\377\0003\000.\0007\000.\0001\000.\000\040\000A\000E\000n\000e\000m\000y\000A\000t\000t\000a\000c\000k\000S\000t\000r\000a\000t\000e\000g\000y}{section.3.7}% 42
\BOOKMARK [2][-]{subsection.3.7.2}{\376\377\0003\000.\0007\000.\0002\000.\000\040\000P\000l\000a\000y\000e\000r\000A\000t\000t\000a\000c\000k\000S\000t\000r\000a\000t\000e\000g\000y}{section.3.7}% 43
\BOOKMARK [1][-]{section.3.8}{\376\377\0003\000.\0008\000.\000\040\000A\000W\000e\000a\000p\000o\000n}{chapter.3}% 44
\BOOKMARK [2][-]{subsection.3.8.1}{\376\377\0003\000.\0008\000.\0001\000.\000\040\000A\000P\000r\000o\000j\000e\000c\000t\000i\000l\000e\000W\000e\000a\000p\000o\000n\000A\000t\000t\000a\000c\000k\000e\000r}{section.3.8}% 45
\BOOKMARK [2][-]{subsection.3.8.2}{\376\377\0003\000.\0008\000.\0002\000.\000\040\000C\000o\000l\000l\000i\000d\000e\000r\000W\000e\000a\000p\000o\000n\000A\000t\000t\000a\000c\000k\000e\000r}{section.3.8}% 46
\BOOKMARK [2][-]{subsection.3.8.3}{\376\377\0003\000.\0008\000.\0003\000.\000\040\000A\000W\000e\000a\000p\000o\000n\000R\000e\000n\000d\000e\000r\000e\000r}{section.3.8}% 47
\BOOKMARK [2][-]{subsection.3.8.4}{\376\377\0003\000.\0008\000.\0004\000.\000\040\000A\000W\000e\000a\000p\000o\000n\000A\000t\000t\000a\000c\000k\000e\000r}{section.3.8}% 48
\BOOKMARK [1][-]{section.3.9}{\376\377\0003\000.\0009\000.\000\040\000A\000A\000c\000t\000o\000r}{chapter.3}% 49
\BOOKMARK [1][-]{section.3.10}{\376\377\0003\000.\0001\0000\000.\000\040\000E\000n\000c\000o\000u\000n\000t\000e\000r}{chapter.3}% 50
\BOOKMARK [1][-]{section.3.11}{\376\377\0003\000.\0001\0001\000.\000\040\000M\000a\000p}{chapter.3}% 51
\BOOKMARK [2][-]{subsection.3.11.1}{\376\377\0003\000.\0001\0001\000.\0001\000.\000\040\000N\000o\000d\000e\000s}{section.3.11}% 52
\BOOKMARK [1][-]{section.3.12}{\376\377\0003\000.\0001\0002\000.\000\040\000I\000t\000e\000m\000s}{chapter.3}% 53
\BOOKMARK [2][-]{subsection.3.12.1}{\376\377\0003\000.\0001\0002\000.\0001\000.\000\040\000T\000r\000i\000g\000g\000e\000r\000s}{section.3.12}% 54
\BOOKMARK [2][-]{subsection.3.12.2}{\376\377\0003\000.\0001\0002\000.\0002\000.\000\040\000T\000a\000r\000g\000e\000t\000i\000n\000g\000\040\000T\000y\000p\000e\000s}{section.3.12}% 55
\BOOKMARK [2][-]{subsection.3.12.3}{\376\377\0003\000.\0001\0002\000.\0003\000.\000\040\000E\000f\000f\000e\000c\000t\000s}{section.3.12}% 56
\BOOKMARK [2][-]{subsection.3.12.4}{\376\377\0003\000.\0001\0002\000.\0004\000.\000\040\000W\000e\000a\000p\000o\000n\000C\000o\000n\000t\000a\000i\000n\000i\000n\000g\000I\000t\000e\000m}{section.3.12}% 57
\BOOKMARK [1][-]{section.3.13}{\376\377\0003\000.\0001\0003\000.\000\040\000E\000n\000e\000m\000y}{chapter.3}% 58
\BOOKMARK [2][-]{subsection.3.13.1}{\376\377\0003\000.\0001\0003\000.\0001\000.\000\040\000M\000e\000l\000e\000e\000\040\000G\000o\000b\000l\000i\000n}{section.3.13}% 59
\BOOKMARK [2][-]{subsection.3.13.2}{\376\377\0003\000.\0001\0003\000.\0002\000.\000\040\000R\000a\000n\000g\000e\000d\000\040\000G\000o\000b\000l\000i\000n}{section.3.13}% 60
\BOOKMARK [2][-]{subsection.3.13.3}{\376\377\0003\000.\0001\0003\000.\0003\000.\000\040\000S\000k\000e\000l\000e\000t\000o\000n\000\040\000B\000o\000s\000s}{section.3.13}% 61
\BOOKMARK [0][-]{chapter.4}{\376\377\0004\000.\000\040\000T\000e\000s\000z\000t\000e\000l\000\351\000s}{}% 62
\BOOKMARK [1][-]{section.4.1}{\376\377\0004\000.\0001\000.\000\040\000M\000a\000p\000T\000e\000s\000t\000s}{chapter.4}% 63
\BOOKMARK [1][-]{section.4.2}{\376\377\0004\000.\0002\000.\000\040\000P\000l\000a\000y\000e\000r\000C\000a\000n\000M\000o\000v\000e}{chapter.4}% 64
\BOOKMARK [1][-]{section.4.3}{\376\377\0004\000.\0003\000.\000\040\000T\000e\000s\000t\000E\000n\000e\000m\000y\000A\000t\000t\000a\000c\000k\000s}{chapter.4}% 65
\BOOKMARK [0][-]{chapter.5}{\376\377\0005\000.\000\040\000\326\000s\000s\000z\000e\000g\000z\000\351\000s}{}% 66
\BOOKMARK [1][-]{section.5.1}{\376\377\0005\000.\0001\000.\000\040\000A\000z\000\040\000e\000r\000e\000d\000e\000t\000i\000\040\000t\000e\000r\000v\000b\001\121\000l\000\040\000m\000i\000\040\000v\000a\000l\000\363\000s\000u\000l\000t\000\040\000m\000e\000g}{chapter.5}% 67
\BOOKMARK [1][-]{section.5.2}{\376\377\0005\000.\0002\000.\000\040\000J\000\366\000v\001\121\000\040\000b\000\351\000l\000i\000\040\000f\000e\000j\000l\000e\000s\000z\000t\000\351\000s\000i\000\040\000l\000e\000h\000e\000t\001\121\000s\000\351\000g\000e\000k}{chapter.5}% 68
\BOOKMARK [1][-]{section.5.3}{\376\377\0005\000.\0003\000.\000\040\000M\000i\000t\000\040\000c\000s\000i\000n\000\341\000l\000n\000\351\000k\000\040\000m\000\341\000s\000h\000o\000g\000y\000?}{chapter.5}% 69
\BOOKMARK [0][-]{chapter*.19}{\376\377\000I\000r\000o\000d\000a\000l\000o\000m\000j\000e\000g\000y\000z\000\351\000k}{}% 70
